<?xml version="1.0" encoding="UTF-8"?>
<!-- Generated by org.testng.reporters.JUnitXMLReporter -->
<testsuite hostname="asd-PC" ignored="3" name="Car Loan" tests="2" failures="0" timestamp="13 Aug 2019 22:00:58 GMT" time="0.022" errors="0">
  <testcase name="LoginAPICarLoan" time="0.002" classname="test.Day3"/>
  <testcase name="webLoginCarLoan" time="0.013" classname="test.Day3"/>
  <testcase name="mobileLogoof" time="0.0" classname="test.Day3">
    <ignored/>
  </testcase> <!-- mobileLogoof -->
  <testcase name="mobileCall" time="0.0" classname="test.Day3">
    <ignored/>
  </testcase> <!-- mobileCall -->
  <testcase name="mobileLoginCarLoan" time="0.0" classname="test.Day3">
    <ignored/>
  </testcase> <!-- mobileLoginCarLoan -->
</testsuite> <!-- Car Loan -->
