<?xml version="1.0" encoding="UTF-8"?>
<!-- Generated by org.testng.reporters.JUnitXMLReporter -->
<testsuite hostname="asd-PC" ignored="0" name="Personal loan" tests="6" failures="0" timestamp="13 Aug 2019 22:00:58 GMT" time="0.077" errors="0">
  <testcase name="Demo2" time="0.013" classname="test.Day2"/>
  <testcase name="Demo" time="0.002" classname="test.Day1"/>
  <testcase name="Demo1" time="0.001" classname="test.Day1"/>
  <testcase name="LoginAPIHomeLoan" time="0.002" classname="test.Day4"/>
  <testcase name="mobileLoginHomeLoan" time="0.002" classname="test.Day4"/>
  <testcase name="webLoginHomeLoan" time="0.001" classname="test.Day4"/>
</testsuite> <!-- Personal loan -->
