<?xml version="1.0" encoding="UTF-8"?>
<testng-results skipped="0" failed="0" ignored="3" total="11" passed="8">
  <reporter-output>
  </reporter-output>
  <suite name="Loan department" duration-ms="507" started-at="2019-08-13T22:00:58Z" finished-at="2019-08-13T22:00:58Z">
    <groups>
    </groups>
    <test name="Personal loan" duration-ms="77" started-at="2019-08-13T22:00:58Z" finished-at="2019-08-13T22:00:58Z">
      <class name="test.Day1">
        <test-method status="PASS" signature="Demo()[pri:0, instance:test.Day1@6d78f375]" name="Demo" duration-ms="2" started-at="2019-08-13T22:00:58Z" finished-at="2019-08-13T22:00:58Z">
          <reporter-output>
          </reporter-output>
        </test-method> <!-- Demo -->
        <test-method status="PASS" signature="Demo1()[pri:0, instance:test.Day1@6d78f375]" name="Demo1" duration-ms="1" started-at="2019-08-13T22:00:58Z" finished-at="2019-08-13T22:00:58Z">
          <reporter-output>
          </reporter-output>
        </test-method> <!-- Demo1 -->
      </class> <!-- test.Day1 -->
      <class name="test.Day2">
        <test-method status="PASS" signature="Demo2()[pri:0, instance:test.Day2@7ac7a4e4]" name="Demo2" duration-ms="13" started-at="2019-08-13T22:00:58Z" finished-at="2019-08-13T22:00:58Z">
          <reporter-output>
          </reporter-output>
        </test-method> <!-- Demo2 -->
      </class> <!-- test.Day2 -->
      <class name="test.Day4">
        <test-method status="PASS" signature="LoginAPIHomeLoan()[pri:0, instance:test.Day4@50c87b21]" name="LoginAPIHomeLoan" duration-ms="2" started-at="2019-08-13T22:00:58Z" finished-at="2019-08-13T22:00:58Z">
          <reporter-output>
          </reporter-output>
        </test-method> <!-- LoginAPIHomeLoan -->
        <test-method status="PASS" signature="mobileLoginHomeLoan()[pri:0, instance:test.Day4@50c87b21]" name="mobileLoginHomeLoan" duration-ms="2" started-at="2019-08-13T22:00:58Z" finished-at="2019-08-13T22:00:58Z">
          <reporter-output>
          </reporter-output>
        </test-method> <!-- mobileLoginHomeLoan -->
        <test-method status="PASS" signature="webLoginHomeLoan()[pri:0, instance:test.Day4@50c87b21]" name="webLoginHomeLoan" duration-ms="1" started-at="2019-08-13T22:00:58Z" finished-at="2019-08-13T22:00:58Z">
          <reporter-output>
          </reporter-output>
        </test-method> <!-- webLoginHomeLoan -->
      </class> <!-- test.Day4 -->
    </test> <!-- Personal loan -->
    <test name="Car Loan" duration-ms="22" started-at="2019-08-13T22:00:58Z" finished-at="2019-08-13T22:00:58Z">
      <class name="test.Day3">
        <test-method status="PASS" signature="LoginAPICarLoan()[pri:0, instance:test.Day3@4cc0edeb]" name="LoginAPICarLoan" duration-ms="2" started-at="2019-08-13T22:00:58Z" finished-at="2019-08-13T22:00:58Z">
          <reporter-output>
          </reporter-output>
        </test-method> <!-- LoginAPICarLoan -->
        <test-method status="PASS" signature="webLoginCarLoan()[pri:0, instance:test.Day3@4cc0edeb]" name="webLoginCarLoan" duration-ms="13" started-at="2019-08-13T22:00:58Z" finished-at="2019-08-13T22:00:58Z">
          <reporter-output>
          </reporter-output>
        </test-method> <!-- webLoginCarLoan -->
      </class> <!-- test.Day3 -->
    </test> <!-- Car Loan -->
  </suite> <!-- Loan department -->
</testng-results>
